<?xml version="1.0" encoding="UTF-8"?>
<!-- Generated by org.testng.reporters.JUnitReportReporter -->
<testsuite hostname="DESKTOP-TAKCJM8" failures="0" tests="1" name="com.cucumber.test.BasicRunner" time="13.233" errors="0" timestamp="2022-11-10T18:01:21 EST" skipped="0">
  <testcase classname="com.cucumber.test.BasicRunner" name="runScenario" time="13.233"/>
  <system-out/>
</testsuite> <!-- com.cucumber.test.BasicRunner -->
