<?xml version="1.0" encoding="UTF-8"?>
<!-- Generated by org.testng.reporters.JUnitReportReporter -->
<testsuite hostname="DESKTOP-TAKCJM8" failures="0" tests="1" name="com.cucumber.test.BasicRunner" time="14.663" errors="0" timestamp="2022-11-10T17:54:55 EST" skipped="0">
  <testcase classname="com.cucumber.test.BasicRunner" name="runScenario" time="14.663"/>
  <system-out/>
</testsuite> <!-- com.cucumber.test.BasicRunner -->
